Using pre-set license
Built from '2022.3/release' branch; Version is '2022.3.20f1 (61c2feb0970d) revision 6406910'; Using compiler version '192829333'; Build Type 'Release'
OS: 'Windows 11  (10.0.26100) 64bit Core' Language: 'ko' Physical Memory: 24269 MB
BatchMode: 1, IsHumanControllingUs: 0, StartBugReporterOnCrash: 0, Is64bit: 1, IsPro: 1

COMMAND LINE ARGUMENTS:
C:\Program Files\Unity\Hub\Editor\2022.3.20f1\Editor\Unity.exe
-adb2
-batchMode
-noUpm
-name
AssetImportWorker2
-projectPath
C:/Users/rudal/Game
-logFile
Logs/AssetImportWorker2.log
-srvPort
64710
Successfully changed project path to: C:/Users/rudal/Game
C:/Users/rudal/Game
[UnityMemory] Configuration Parameters - Can be set up in boot.config
    "memorysetup-bucket-allocator-granularity=16"
    "memorysetup-bucket-allocator-bucket-count=8"
    "memorysetup-bucket-allocator-block-size=33554432"
    "memorysetup-bucket-allocator-block-count=8"
    "memorysetup-main-allocator-block-size=16777216"
    "memorysetup-thread-allocator-block-size=16777216"
    "memorysetup-gfx-main-allocator-block-size=16777216"
    "memorysetup-gfx-thread-allocator-block-size=16777216"
    "memorysetup-cache-allocator-block-size=4194304"
    "memorysetup-typetree-allocator-block-size=2097152"
    "memorysetup-profiler-bucket-allocator-granularity=16"
    "memorysetup-profiler-bucket-allocator-bucket-count=8"
    "memorysetup-profiler-bucket-allocator-block-size=33554432"
    "memorysetup-profiler-bucket-allocator-block-count=8"
    "memorysetup-profiler-allocator-block-size=16777216"
    "memorysetup-profiler-editor-allocator-block-size=1048576"
    "memorysetup-temp-allocator-size-main=16777216"
    "memorysetup-job-temp-allocator-block-size=2097152"
    "memorysetup-job-temp-allocator-block-size-background=1048576"
    "memorysetup-job-temp-allocator-reduction-small-platforms=262144"
    "memorysetup-allocator-temp-initial-block-size-main=262144"
    "memorysetup-allocator-temp-initial-block-size-worker=262144"
    "memorysetup-temp-allocator-size-background-worker=32768"
    "memorysetup-temp-allocator-size-job-worker=262144"
    "memorysetup-temp-allocator-size-preload-manager=33554432"
    "memorysetup-temp-allocator-size-nav-mesh-worker=65536"
    "memorysetup-temp-allocator-size-audio-worker=65536"
    "memorysetup-temp-allocator-size-cloud-worker=32768"
    "memorysetup-temp-allocator-size-gi-baking-worker=262144"
    "memorysetup-temp-allocator-size-gfx=262144"
Player connection [28812] Host "[IP] 25.21.177.50 [Port] 0 [Flags] 2 [Guid] 1522359860 [EditorId] 1522359860 [Version] 1048832 [Id] WindowsEditor(7,guswn3717) [Debug] 1 [PackageName] WindowsEditor [ProjectName] Editor" joined multi-casting on [225.0.0.222:54997]...

Player connection [28812] Host "[IP] 25.21.177.50 [Port] 0 [Flags] 2 [Guid] 1522359860 [EditorId] 1522359860 [Version] 1048832 [Id] WindowsEditor(7,guswn3717) [Debug] 1 [PackageName] WindowsEditor [ProjectName] Editor" joined alternative multi-casting on [225.0.0.222:34997]...

[Physics::Module] Initialized MultithreadedJobDispatcher with 23 workers.
Refreshing native plugins compatible for Editor in 9.02 ms, found 3 plugins.
Preloading 0 native plugins for Editor in 0.00 ms.
Initialize engine version: 2022.3.20f1 (61c2feb0970d)
[Subsystems] Discovering subsystems at path C:/Program Files/Unity/Hub/Editor/2022.3.20f1/Editor/Data/Resources/UnitySubsystems
[Subsystems] Discovering subsystems at path C:/Users/rudal/Game/Assets
GfxDevice: creating device client; threaded=0; jobified=0
Direct3D:
    Version:  Direct3D 11.0 [level 11.1]
    Renderer: NVIDIA GeForce RTX 4060 Laptop GPU (ID=0x28a0)
    Vendor:   NVIDIA
    VRAM:     7957 MB
    Driver:   32.0.15.7628
Initialize mono
Mono path[0] = 'C:/Program Files/Unity/Hub/Editor/2022.3.20f1/Editor/Data/Managed'
Mono path[1] = 'C:/Program Files/Unity/Hub/Editor/2022.3.20f1/Editor/Data/MonoBleedingEdge/lib/mono/unityjit-win32'
Mono config path = 'C:/Program Files/Unity/Hub/Editor/2022.3.20f1/Editor/Data/MonoBleedingEdge/etc'
Using monoOptions --debugger-agent=transport=dt_socket,embedding=1,server=y,suspend=n,address=127.0.0.1:56036
Begin MonoManager ReloadAssembly
Registering precompiled unity dll's ...
Register platform support module: C:/Program Files/Unity/Hub/Editor/2022.3.20f1/Editor/Data/PlaybackEngines/WindowsStandaloneSupport/UnityEditor.WindowsStandalone.Extensions.dll
Register platform support module: C:/Program Files/Unity/Hub/Editor/2022.3.20f1/Editor/Data/PlaybackEngines/MetroSupport/UnityEditor.UWP.Extensions.dll
Registered in 0.006862 seconds.
- Loaded All Assemblies, in  0.327 seconds
Native extension for UWP target not found
Native extension for WindowsStandalone target not found
Mono: successfully reloaded assembly
- Finished resetting the current domain, in  0.266 seconds
Domain Reload Profiling: 592ms
	BeginReloadAssembly (97ms)
		ExecutionOrderSort (0ms)
		DisableScriptedObjects (0ms)
		BackupInstance (0ms)
		ReleaseScriptingObjects (0ms)
		CreateAndSetChildDomain (1ms)
	RebuildCommonClasses (30ms)
	RebuildNativeTypeToScriptingClass (9ms)
	initialDomainReloadingComplete (53ms)
	LoadAllAssembliesAndSetupDomain (136ms)
		LoadAssemblies (95ms)
		RebuildTransferFunctionScriptingTraits (0ms)
		AnalyzeDomain (135ms)
			TypeCache.Refresh (133ms)
				TypeCache.ScanAssembly (121ms)
			ScanForSourceGeneratedMonoScriptInfo (0ms)
			ResolveRequiredComponents (1ms)
	FinalizeReload (267ms)
		ReleaseScriptCaches (0ms)
		RebuildScriptCaches (0ms)
		SetupLoadedEditorAssemblies (202ms)
			LogAssemblyErrors (0ms)
			InitializePlatformSupportModulesInManaged (9ms)
			SetLoadedEditorAssemblies (5ms)
			RefreshPlugins (0ms)
			BeforeProcessingInitializeOnLoad (2ms)
			ProcessInitializeOnLoadAttributes (142ms)
			ProcessInitializeOnLoadMethodAttributes (44ms)
			AfterProcessingInitializeOnLoad (0ms)
			EditorAssembliesLoaded (0ms)
		ExecutionOrderSort2 (0ms)
		AwakeInstancesAfterBackupRestoration (0ms)
========================================================================
Worker process is ready to serve import requests
Begin MonoManager ReloadAssembly
- Loaded All Assemblies, in  0.581 seconds
Refreshing native plugins compatible for Editor in 2.73 ms, found 3 plugins.
Native extension for UWP target not found
Native extension for WindowsStandalone target not found
Mono: successfully reloaded assembly
- Finished resetting the current domain, in  0.579 seconds
Domain Reload Profiling: 1158ms
	BeginReloadAssembly (169ms)
		ExecutionOrderSort (0ms)
		DisableScriptedObjects (10ms)
		BackupInstance (0ms)
		ReleaseScriptingObjects (0ms)
		CreateAndSetChildDomain (19ms)
	RebuildCommonClasses (32ms)
	RebuildNativeTypeToScriptingClass (11ms)
	initialDomainReloadingComplete (42ms)
	LoadAllAssembliesAndSetupDomain (325ms)
		LoadAssemblies (284ms)
		RebuildTransferFunctionScriptingTraits (0ms)
		AnalyzeDomain (148ms)
			TypeCache.Refresh (131ms)
				TypeCache.ScanAssembly (119ms)
			ScanForSourceGeneratedMonoScriptInfo (12ms)
			ResolveRequiredComponents (4ms)
	FinalizeReload (580ms)
		ReleaseScriptCaches (0ms)
		RebuildScriptCaches (0ms)
		SetupLoadedEditorAssemblies (419ms)
			LogAssemblyErrors (0ms)
			InitializePlatformSupportModulesInManaged (7ms)
			SetLoadedEditorAssemblies (5ms)
			RefreshPlugins (0ms)
			BeforeProcessingInitializeOnLoad (59ms)
			ProcessInitializeOnLoadAttributes (324ms)
			ProcessInitializeOnLoadMethodAttributes (19ms)
			AfterProcessingInitializeOnLoad (5ms)
			EditorAssembliesLoaded (0ms)
		ExecutionOrderSort2 (0ms)
		AwakeInstancesAfterBackupRestoration (6ms)
Launched and connected shader compiler UnityShaderCompiler.exe after 0.06 seconds
Refreshing native plugins compatible for Editor in 5.14 ms, found 3 plugins.
Preloading 0 native plugins for Editor in 0.00 ms.
Unloading 3116 Unused Serialized files (Serialized files now loaded: 0)
Unloading 33 unused Assets / (57.0 KB). Loaded Objects now: 3577.
Memory consumption went from 123.6 MB to 123.5 MB.
Total: 3.914600 ms (FindLiveObjects: 0.247400 ms CreateObjectMapping: 0.093000 ms MarkObjects: 3.475800 ms  DeleteObjects: 0.096900 ms)

AssetImportParameters requested are different than current active one (requested -> active):
  custom:container-demuxer-ogg: 62fdf1f143b41e24485cea50d1cbac27 -> 
  custom:scripting/monoscript/fileName/Summary.cs: ef953cae65cf1108ef5086d41e86096d -> 
  custom:video-codec-MediaFoundation-h265: 746d11721c4dcdbdad8f713fa42b33f4 -> 
  custom:scripting/monoscript/fileName/File.cs: d505e6153d07e094b37972fd98223a34 -> 
  custom:video-decoder-ogg-theora: a1e56fd34408186e4bbccfd4996cb3dc -> 
  custom:framework-win-MediaFoundation: 216162199b28c13a410421893ffa2e32 -> 
  custom:scripting/monoscript/fileName/HelperExtensions.cs: 85b1f9ee01d99112be8af7a1b76e00b9 -> 
  custom:scripting/monoscript/fileName/CoverageSession.cs: b42f6f4851cdbc22e692e7d13b3f325b -> 
  custom:CustomObjectIndexerAttribute: 6d391050e5a25f67b0a2c618074f2cd9 -> 
  custom:container-demuxer-webm: 4f35f7cbe854078d1ac9338744f61a02 -> 
  custom:scripting/monoscript/fileName/InstrumentationPoint.cs: 25818831d5631f7379693c4a5bb5c1d6 -> 
  custom:scripting/monoscript/fileName/ByteBuffer.cs: 4a77e836356652ed25bb95e3eefd00df -> 
  custom:container-muxer-webm: aa71ff27fc2769a1b78a27578f13a17b -> 
  custom:video-decoder-webm-vp8: 9c59270c3fd7afecdb556c50c9e8de78 -> 
  custom:SearchIndexIgnoredProperties: e643bd26f0fe6173181afceb89e7c659 -> 
  custom:AudioImporter_EditorPlatform: d09bf68614088b80899f8185d706f6e7 -> 
  custom:scripting/monoscript/fileName/BranchPoint.cs: edcc60a5a3f37d5c03599be66b935fcd -> 
  custom:scripting/monoscript/fileName/SequencePoint.cs: 4a4d5ad2a93cd5d1c43bb2d3949dc3e3 -> 
  custom:scripting/monoscript/fileName/Method.cs: fd142d42d8d4368826e15f8e9d0ed70c -> 
  custom:scripting/monoscript/fileName/IDocumentReference.cs: 487f152976810e3aee35410aaf341f45 -> 
  custom:scripting/monoscript/fileName/SkippedEntity.cs: e30aad38a9845fc375926c98f4d65076 -> 
  custom:video-encoder-webm-vp8: eb34c28f22e8b96e1ab97ce403110664 -> 
  custom:audio-decoder-ogg-vorbis: bf7c407c2cedff20999df2af8eb42d56 -> 
  custom:scripting/monoscript/fileName/TrackedMethod.cs: 250a44ba5c6855ca40c0514b3fffb1d7 -> 
  custom:scripting/monoscript/fileName/Instruction.cs: 3c5f46687897d53d0804f00842628ec1 -> 
  custom:scripting/monoscript/fileName/SummarySkippedEntity.cs: 9002a7728b0ca8620c32cd796cd15a51 -> 
  custom:scripting/monoscript/fileName/MethodBodyReader.cs: 23cd42b8f759a15c14a829c14565a1c1 -> 
  custom:audio-encoder-webm-vorbis: bf7c407c2cedff20999df2af8eb42d56 -> 
  custom:scripting/monoscript/fileName/Disassembler.cs: a17f971434a27425a07cd8aa69feab02 -> 
  custom:scripting/monoscript/fileName/Module.cs: 9cffc223e3cf6968fcbc7ffa33b894e5 -> 
  custom:scripting/monoscript/fileName/Class.cs: a840b0029b5e65572133651481a63ce4 -> 
========================================================================
Received Import Request.
  Time since last request: 45489.741755 seconds.
  path: Assets/Models/Runner.fbx
  artifactKey: Guid(937e88e742bd22d44ae5972da6ceee06) Importer(815301076,1909f56bfc062723c751e8b465ee728b)
Start importing Assets/Models/Runner.fbx using Guid(937e88e742bd22d44ae5972da6ceee06) Importer(815301076,1909f56bfc062723c751e8b465ee728b)  -> (artifact id: '3479e07624e51a1145d3709adbd085e7') in 0.429027 seconds
Number of updated asset objects reloaded before import = 0
Number of asset objects unloaded after import = 194
========================================================================
Received Import Request.
  Time since last request: 154.356909 seconds.
  path: Assets/Models/Runner.fbx
  artifactKey: Guid(937e88e742bd22d44ae5972da6ceee06) Importer(815301076,1909f56bfc062723c751e8b465ee728b)
Start importing Assets/Models/Runner.fbx using Guid(937e88e742bd22d44ae5972da6ceee06) Importer(815301076,1909f56bfc062723c751e8b465ee728b)  -> (artifact id: 'a16d83e47453800ad795fd1726c9e244') in 0.295390 seconds
Number of updated asset objects reloaded before import = 0
Number of asset objects unloaded after import = 197
========================================================================
Received Import Request.
  Time since last request: 15.523181 seconds.
  path: Assets/Textures/Boy01_diffuse.jpg
  artifactKey: Guid(e899819132503924d9ac2f0f6f0a431c) Importer(815301076,1909f56bfc062723c751e8b465ee728b)
Start importing Assets/Textures/Boy01_diffuse.jpg using Guid(e899819132503924d9ac2f0f6f0a431c) Importer(815301076,1909f56bfc062723c751e8b465ee728b)  -> (artifact id: 'f7d77a0f23851a1ef3266d37a670093a') in 0.043770 seconds
Number of updated asset objects reloaded before import = 0
Number of asset objects unloaded after import = 2
========================================================================
Received Import Request.
  Time since last request: 0.000016 seconds.
  path: Assets/Textures/Boy01_normal.jpg
  artifactKey: Guid(64c5debefbf146b47b5fe4a1f5022d0e) Importer(815301076,1909f56bfc062723c751e8b465ee728b)
Start importing Assets/Textures/Boy01_normal.jpg using Guid(64c5debefbf146b47b5fe4a1f5022d0e) Importer(815301076,1909f56bfc062723c751e8b465ee728b)  -> (artifact id: 'd390780544086df9a1b6f7129a15bbab') in 0.033324 seconds
Number of updated asset objects reloaded before import = 0
Number of asset objects unloaded after import = 2
========================================================================
Received Import Request.
  Time since last request: 288.904829 seconds.
  path: Assets/Street Assets/PlaneMaterial.mat
  artifactKey: Guid(e78ca32131046e747bf303a4ae862f72) Importer(815301076,1909f56bfc062723c751e8b465ee728b)
Start importing Assets/Street Assets/PlaneMaterial.mat using Guid(e78ca32131046e747bf303a4ae862f72) Importer(815301076,1909f56bfc062723c751e8b465ee728b)  -> (artifact id: 'f97436de8bf82f1d1c44d06ec322d740') in 0.198563 seconds
Number of updated asset objects reloaded before import = 0
Number of asset objects unloaded after import = 1
========================================================================
Received Import Request.
  Time since last request: 5.746688 seconds.
  path: Assets/Street Assets/Prefabs
  artifactKey: Guid(5d6b4e069b171544fbe2ce64d6185a40) Importer(815301076,1909f56bfc062723c751e8b465ee728b)
Start importing Assets/Street Assets/Prefabs using Guid(5d6b4e069b171544fbe2ce64d6185a40) Importer(815301076,1909f56bfc062723c751e8b465ee728b)  -> (artifact id: 'e0ad00f5beca2982bd5213d30e92716f') in 0.000707 seconds
Number of updated asset objects reloaded before import = 0
Number of asset objects unloaded after import = 0
========================================================================
Received Import Request.
  Time since last request: 0.063784 seconds.
  path: Assets/Street Assets/Prefabs/SA_FireHydrant_01.prefab
  artifactKey: Guid(9ccee7079c851504d862a5f855ad5d7f) Importer(815301076,1909f56bfc062723c751e8b465ee728b)
Start importing Assets/Street Assets/Prefabs/SA_FireHydrant_01.prefab using Guid(9ccee7079c851504d862a5f855ad5d7f) Importer(815301076,1909f56bfc062723c751e8b465ee728b)  -> (artifact id: '48f8bcaa4c84d998a41d8afd0f49266b') in 0.207291 seconds
Number of updated asset objects reloaded before import = 0
Number of asset objects unloaded after import = 10
========================================================================
Received Import Request.
  Time since last request: 0.000025 seconds.
  path: Assets/Street Assets/Prefabs/SA_TrafficBarrier_01.prefab
  artifactKey: Guid(ac88bfff72bd6a149bb608ce16b9daff) Importer(815301076,1909f56bfc062723c751e8b465ee728b)
Start importing Assets/Street Assets/Prefabs/SA_TrafficBarrier_01.prefab using Guid(ac88bfff72bd6a149bb608ce16b9daff) Importer(815301076,1909f56bfc062723c751e8b465ee728b)  -> (artifact id: 'f69558f9eb8a39a6db3a841f585ed4a3') in 0.032436 seconds
Number of updated asset objects reloaded before import = 0
Number of asset objects unloaded after import = 10
========================================================================
Received Import Request.
  Time since last request: 0.000040 seconds.
  path: Assets/Street Assets/Prefabs/SA_OilDrum_02.prefab
  artifactKey: Guid(8d36b024637334a43a35f6f575b7781b) Importer(815301076,1909f56bfc062723c751e8b465ee728b)
Start importing Assets/Street Assets/Prefabs/SA_OilDrum_02.prefab using Guid(8d36b024637334a43a35f6f575b7781b) Importer(815301076,1909f56bfc062723c751e8b465ee728b)  -> (artifact id: '82050e4a5a2dd05668a2f73a080e58fc') in 0.025642 seconds
Number of updated asset objects reloaded before import = 0
Number of asset objects unloaded after import = 10
========================================================================
Received Import Request.
  Time since last request: 0.000024 seconds.
  path: Assets/Street Assets/Prefabs/SA_TrafficCone_01.prefab
  artifactKey: Guid(2c727257413cce34594b3d9e76156e77) Importer(815301076,1909f56bfc062723c751e8b465ee728b)
Start importing Assets/Street Assets/Prefabs/SA_TrafficCone_01.prefab using Guid(2c727257413cce34594b3d9e76156e77) Importer(815301076,1909f56bfc062723c751e8b465ee728b)  -> (artifact id: 'b5916478b34aebb13146a57175ae62e6') in 0.027850 seconds
Number of updated asset objects reloaded before import = 0
Number of asset objects unloaded after import = 10
Editor requested this worker to shutdown with reason: Scaling down because of idle timeout
TcpMessagingSession - receive error: operation aborted. errorcode: 995, details: 스레드 종료 또는 응용 프로그램 요청 때문에 I/O 작업이 취소되었습니다.
AssetImportWorker is now disconnected from the server
Process exiting
Exiting without the bug reporter. Application will terminate with return code 0